Build started 13/11/2014 8:50:52 PM.
     1>Project "D:\Duy Quang\Hoc\OOP\Bai Tap\Bai\Bai\Bai.vcxproj" on node 2 (Build target(s)).
     1>ClCompile:
         C:\Program Files (x86)\Microsoft Visual Studio 11.0\VC\bin\CL.exe /c /ZI /nologo /W3 /WX- /Od /Oy- /D WIN32 /D _DEBUG /D _CONSOLE /D _UNICODE /D UNICODE /Gm /EHsc /RTC1 /MDd /GS /fp:precise /Zc:wchar_t /Zc:forScope /Fo"Debug\\" /Fd"Debug\vc110.pdb" /Gd /TP /analyze- /errorReport:prompt QuanLyBinhChon.cpp
         QuanLyBinhChon.cpp
     1>d:\duy quang\hoc\oop\bai tap\bai\bai\quanlybinhchon.cpp(31): warning C4018: '<' : signed/unsigned mismatch
     1>d:\duy quang\hoc\oop\bai tap\bai\bai\quanlybinhchon.cpp(42): warning C4018: '<' : signed/unsigned mismatch
     1>d:\duy quang\hoc\oop\bai tap\bai\bai\quanlybinhchon.cpp(54): warning C4018: '<' : signed/unsigned mismatch
     1>d:\duy quang\hoc\oop\bai tap\bai\bai\quanlybinhchon.cpp(66): warning C4018: '<' : signed/unsigned mismatch
     1>d:\duy quang\hoc\oop\bai tap\bai\bai\quanlybinhchon.cpp(80): warning C4018: '<' : signed/unsigned mismatch
     1>d:\duy quang\hoc\oop\bai tap\bai\bai\quanlybinhchon.cpp(106): warning C4018: '<' : signed/unsigned mismatch
     1>d:\duy quang\hoc\oop\bai tap\bai\bai\quanlybinhchon.cpp(125): warning C4018: '<' : signed/unsigned mismatch
     1>d:\duy quang\hoc\oop\bai tap\bai\bai\quanlybinhchon.cpp(129): warning C4018: '<' : signed/unsigned mismatch
       Link:
         C:\Program Files (x86)\Microsoft Visual Studio 11.0\VC\bin\link.exe /ERRORREPORT:PROMPT /OUT:"D:\Duy Quang\Hoc\OOP\Bai Tap\Bai\Debug\Bai.exe" /INCREMENTAL /NOLOGO kernel32.lib user32.lib gdi32.lib winspool.lib comdlg32.lib advapi32.lib shell32.lib ole32.lib oleaut32.lib uuid.lib odbc32.lib odbccp32.lib /MANIFEST /MANIFESTUAC:"level='asInvoker' uiAccess='false'" /manifest:embed /DEBUG /PDB:"D:\Duy Quang\Hoc\OOP\Bai Tap\Bai\Debug\Bai.pdb" /SUBSYSTEM:CONSOLE /TLBID:1 /DYNAMICBASE /NXCOMPAT /IMPLIB:"D:\Duy Quang\Hoc\OOP\Bai Tap\Bai\Debug\Bai.lib" /MACHINE:X86 Debug\BinhChon.obj
         Debug\GetTime.obj
         Debug\main.obj
         Debug\Ngay.obj
         Debug\QuanLyBinhChon.obj
         Debug\ThoiGian.obj
         LINK : D:\Duy Quang\Hoc\OOP\Bai Tap\Bai\Debug\Bai.exe not found or not built by the last incremental link; performing full link
         Bai.vcxproj -> D:\Duy Quang\Hoc\OOP\Bai Tap\Bai\Debug\Bai.exe
     1>Done Building Project "D:\Duy Quang\Hoc\OOP\Bai Tap\Bai\Bai\Bai.vcxproj" (Build target(s)).

Build succeeded.

Time Elapsed 00:00:01.27
